[container_logger][debug][2019-06-26T09:33:05.501Z]: "req from url: /test"
[container_logger][debug][2019-06-26T09:33:38.527Z]: "req from url: /test"
[container_logger][debug][2019-06-26T09:36:01.040Z]: "req from url: /test"
[container_logger][debug][2019-06-26T09:36:28.120Z]: "req from url: /test"
[container_logger][debug][2019-06-26T09:37:19.820Z]: "req from url: /test"
[container_logger][debug][2019-06-26T09:38:20.072Z]: "req from url: /test"
[container_logger][debug][2019-06-26T09:39:39.180Z]: "req from url: /test"
[container_logger][debug][2019-06-26T09:40:27.752Z]: "req from url: /test"
[container_logger][debug][2019-06-26T09:41:00.709Z]: "req from url: /test"
[container_logger][debug][2019-06-26T09:41:25.380Z]: "req from url: /test"
[container_logger][debug][2019-06-26T09:49:35.613Z]: "req from url: /test"
[container_logger][debug][2019-06-26T09:55:01.940Z]: "req from url: /test"
[container_logger][debug][2019-06-26T09:55:43.591Z]: "req from url: /test"
[container_logger][debug][2019-06-26T09:56:35.959Z]: "req from url: /test"
[container_logger][debug][2019-06-26T09:57:38.742Z]: "req from url: /test"
[container_logger][debug][2019-06-26T09:58:11.822Z]: "req from url: /test"
[container_logger][debug][2019-06-26T09:58:28.472Z]: "req from url: /test"
[container_logger][debug][2019-06-26T09:59:16.892Z]: "req from url: /test"
[container_logger][debug][2019-06-27T01:12:05.068Z]: "req from url: /test"
[container_logger][debug][2019-06-27T01:13:15.879Z]: "req from url: /test"
[container_logger][debug][2019-06-27T01:14:03.671Z]: "req from url: /test"
[container_logger][debug][2019-06-27T01:14:15.110Z]: "req from url: /test"
[container_logger][debug][2019-06-27T01:15:02.733Z]: "req from url: /test"
[container_logger][debug][2019-06-27T01:18:30.353Z]: "req from url: /test"
[container_logger][debug][2019-06-27T01:19:40.643Z]: "req from url: /test"
[container_logger][debug][2019-06-27T01:20:13.697Z]: "req from url: /test"
[container_logger][debug][2019-06-27T01:21:55.873Z]: "req from url: /test"
[container_logger][debug][2019-06-27T01:23:31.037Z]: "req from url: /test"
[container_logger][debug][2019-06-27T01:24:21.694Z]: "req from url: /test"
[container_logger][debug][2019-06-27T01:25:00.359Z]: "req from url: /test"
[container_logger][debug][2019-06-27T01:37:26.748Z]: "req from url: /test"
[container_logger][debug][2019-07-16T05:39:49.032Z]: "req from url: /version"
[container_logger][debug][2019-07-16T05:40:02.221Z]: "req from url: /finlizeVersion"
[container_logger][debug][2019-07-16T05:40:08.367Z]: "req from url: /finslizeVersion"
[container_logger][debug][2019-07-16T05:40:11.896Z]: "req from url: /finalizeVersion"
[container_logger][debug][2019-07-16T05:40:11.926Z]: "req from url: /favicon.ico"
[container_logger][debug][2019-07-16T05:41:32.671Z]: "req from url: /version"
[container_logger][debug][2019-07-16T05:41:40.178Z]: "req from url: /finalizeVersion"
[container_logger][debug][2019-07-16T05:41:50.750Z]: "req from url: /version"
[container_logger][debug][2019-07-16T05:41:55.806Z]: "req from url: /finalizeVersion"
[container_logger][debug][2019-07-23T09:25:10.903Z]: "req from url: /user"
[container_logger][debug][2019-07-23T09:25:27.190Z]: "req from url: /user"
[container_logger][debug][2019-07-23T09:25:42.607Z]: "req from url: /user"
